SF:lib\components\home_screen\bank_details_component.dart
DA:6,1
DA:8,1
DA:9,1
DA:18,1
DA:20,1
DA:29,2
DA:32,1
DA:34,2
DA:35,1
DA:37,2
DA:40,1
DA:41,1
DA:43,1
DA:45,1
DA:51,1
DA:52,0
DA:54,0
DA:55,0
DA:66,1
DA:67,1
DA:68,1
DA:69,1
DA:78,1
DA:87,1
DA:96,1
DA:109,1
DA:112,1
DA:114,1
DA:115,2
DA:116,1
DA:124,0
DA:126,0
DA:127,0
DA:128,0
DA:130,0
DA:131,0
DA:139,0
DA:142,0
DA:143,0
DA:145,0
DA:147,0
DA:158,0
DA:161,0
DA:163,0
LF:44
LH:27
end_of_record
SF:lib\constants\index.dart
DA:5,1
DA:6,3
DA:9,0
DA:10,0
DA:13,0
DA:14,0
DA:17,0
DA:19,0
DA:22,0
DA:24,0
DA:27,0
DA:29,0
DA:32,0
DA:34,0
DA:37,0
DA:41,0
DA:49,0
DA:74,0
DA:75,0
DA:77,0
DA:78,0
DA:79,0
DA:80,0
DA:82,0
DA:83,0
LF:25
LH:2
end_of_record
SF:lib\providers\user_provider.dart
DA:9,0
DA:10,0
DA:13,0
DA:14,0
DA:17,0
DA:19,0
DA:25,0
DA:27,0
DA:28,0
DA:31,0
DA:32,0
DA:33,0
DA:34,0
DA:37,0
DA:38,0
DA:39,0
DA:40,0
LF:17
LH:0
end_of_record
SF:lib\providers\user_status_provider.dart
DA:10,0
DA:11,0
DA:12,0
DA:13,0
DA:16,0
DA:18,0
DA:19,0
DA:20,0
DA:21,0
DA:22,0
DA:25,0
DA:26,0
DA:27,0
DA:30,0
DA:31,0
DA:32,0
DA:35,0
DA:36,0
DA:37,0
DA:40,0
DA:41,0
DA:42,0
DA:45,0
DA:46,0
DA:47,0
DA:50,0
DA:51,0
DA:52,0
DA:55,0
DA:56,0
DA:57,0
DA:60,0
DA:61,0
DA:62,0
LF:34
LH:0
end_of_record
SF:lib\models\transaction_model.dart
DA:9,0
LF:1
LH:0
end_of_record
SF:lib\models\user_model.dart
DA:24,0
DA:34,0
DA:35,0
LF:3
LH:0
end_of_record
SF:lib\models\user_model.g.dart
DA:9,0
DA:10,0
DA:11,0
DA:12,0
DA:15,0
DA:16,0
DA:17,0
DA:18,0
LF:8
LH:0
end_of_record
